Start testing: Oct 24 22:35 CDT
----------------------------------------------------------
1/1 Testing: PgsTest
1/1 Test: PgsTest
Command: "/home/bdavidson/Projects/libpgs/build-release/test/pgs-test" "WORKING_DIR" "/home/bdavidson/Projects/libpgs/build-release/test/"
Directory: /home/bdavidson/Projects/libpgs/build-release/test
"PgsTest" start time: Oct 24 22:35 CDT
Output:
----------------------------------------------------------
[==========] Running 10 tests from 1 test suite.
[----------] Global test environment set-up.
[----------] 10 tests from PgsTest
[ RUN      ] PgsTest.importNullData
[       OK ] PgsTest.importNullData (0 ms)
[ RUN      ] PgsTest.importValidPcsSegment
../test/PgsTest.cpp:54: Failure
Expected: segment.import(data, dataSize) doesn't throw an exception.
  Actual: it throws.
[  FAILED  ] PgsTest.importValidPcsSegment (0 ms)
[ RUN      ] PgsTest.importShortPcsData
[       OK ] PgsTest.importShortPcsData (0 ms)
[ RUN      ] PgsTest.importValidWdsSegment
../test/PgsTest.cpp:86: Failure
Expected: segment.import(data, dataSize) doesn't throw an exception.
  Actual: it throws.
[  FAILED  ] PgsTest.importValidWdsSegment (0 ms)
[ RUN      ] PgsTest.importShortWdsSegment
[       OK ] PgsTest.importShortWdsSegment (0 ms)
[ RUN      ] PgsTest.importValidPdsSegment
../test/PgsTest.cpp:118: Failure
Expected: segment.import(data, dataSize) doesn't throw an exception.
  Actual: it throws.
[  FAILED  ] PgsTest.importValidPdsSegment (0 ms)
[ RUN      ] PgsTest.importShortPdsSegment
[       OK ] PgsTest.importShortPdsSegment (0 ms)
[ RUN      ] PgsTest.importValidOdsSegment
../test/PgsTest.cpp:150: Failure
Expected: segment.import(data, dataSize) doesn't throw an exception.
  Actual: it throws.
[  FAILED  ] PgsTest.importValidOdsSegment (0 ms)
[ RUN      ] PgsTest.importShortOdsSegment
[       OK ] PgsTest.importShortOdsSegment (0 ms)
[ RUN      ] PgsTest.importValidEndSegment
../test/PgsTest.cpp:182: Failure
Expected: segment.import(data, dataSize) doesn't throw an exception.
  Actual: it throws.
[  FAILED  ] PgsTest.importValidEndSegment (0 ms)
[----------] 10 tests from PgsTest (0 ms total)

[----------] Global test environment tear-down
[==========] 10 tests from 1 test suite ran. (0 ms total)
[  PASSED  ] 5 tests.
[  FAILED  ] 5 tests, listed below:
[  FAILED  ] PgsTest.importValidPcsSegment
[  FAILED  ] PgsTest.importValidWdsSegment
[  FAILED  ] PgsTest.importValidPdsSegment
[  FAILED  ] PgsTest.importValidOdsSegment
[  FAILED  ] PgsTest.importValidEndSegment

 5 FAILED TESTS
<end of output>
Test time =   0.00 sec
----------------------------------------------------------
Test Failed.
"PgsTest" end time: Oct 24 22:35 CDT
"PgsTest" time elapsed: 00:00:00
----------------------------------------------------------

End testing: Oct 24 22:35 CDT
